1924_S23_R1_001
1924_S23_R1_001.fastq.gz
/project/GCRB/Lee_Lab/shared/Dan/RNAseq_April2025
* Value of reads: '1924_S23_R1_001.fastq.gz'
* Value of star index : '/project/GCRB/shared/Star_Indexes_2.7.2b/GRCm38_refseq/gencode.vM25.annotation.gtf'
* Map reads...
Apr 11 15:10:32 ..... started STAR run
Apr 11 15:10:32 ..... loading genome
Apr 11 15:10:46 ..... processing annotations GTF
Apr 11 15:10:53 ..... inserting junctions into the genome indices
Apr 11 15:11:51 ..... started mapping
Apr 11 15:13:07 ..... finished mapping
Apr 11 15:13:08 ..... started sorting BAM
Apr 11 15:13:22 ..... finished successfully
* Finished.
1925_S24_R1_001
1925_S24_R1_001.fastq.gz
/project/GCRB/Lee_Lab/shared/Dan/RNAseq_April2025
* Value of reads: '1925_S24_R1_001.fastq.gz'
* Value of star index : '/project/GCRB/shared/Star_Indexes_2.7.2b/GRCm38_refseq/gencode.vM25.annotation.gtf'
* Map reads...
Apr 11 15:13:39 ..... started STAR run
Apr 11 15:13:39 ..... loading genome
Apr 11 15:13:47 ..... processing annotations GTF
Apr 11 15:13:53 ..... inserting junctions into the genome indices
Apr 11 15:14:51 ..... started mapping
Apr 11 15:16:10 ..... finished mapping
Apr 11 15:16:10 ..... started sorting BAM
Apr 11 15:16:23 ..... finished successfully
* Finished.
1926_S25_R1_001
1926_S25_R1_001.fastq.gz
/project/GCRB/Lee_Lab/shared/Dan/RNAseq_April2025
* Value of reads: '1926_S25_R1_001.fastq.gz'
* Value of star index : '/project/GCRB/shared/Star_Indexes_2.7.2b/GRCm38_refseq/gencode.vM25.annotation.gtf'
* Map reads...
Apr 11 15:16:40 ..... started STAR run
Apr 11 15:16:40 ..... loading genome
Apr 11 15:16:48 ..... processing annotations GTF
Apr 11 15:16:54 ..... inserting junctions into the genome indices
Apr 11 15:17:52 ..... started mapping
Apr 11 15:19:20 ..... finished mapping
Apr 11 15:19:20 ..... started sorting BAM
Apr 11 15:19:35 ..... finished successfully
* Finished.
1931_S26_R1_001
1931_S26_R1_001.fastq.gz
/project/GCRB/Lee_Lab/shared/Dan/RNAseq_April2025
* Value of reads: '1931_S26_R1_001.fastq.gz'
* Value of star index : '/project/GCRB/shared/Star_Indexes_2.7.2b/GRCm38_refseq/gencode.vM25.annotation.gtf'
* Map reads...
Apr 11 15:19:54 ..... started STAR run
Apr 11 15:19:54 ..... loading genome
Apr 11 15:20:02 ..... processing annotations GTF
Apr 11 15:20:08 ..... inserting junctions into the genome indices
Apr 11 15:21:06 ..... started mapping
Apr 11 15:22:26 ..... finished mapping
Apr 11 15:22:26 ..... started sorting BAM
Apr 11 15:22:40 ..... finished successfully
* Finished.
1932_S27_R1_001
1932_S27_R1_001.fastq.gz
/project/GCRB/Lee_Lab/shared/Dan/RNAseq_April2025
* Value of reads: '1932_S27_R1_001.fastq.gz'
* Value of star index : '/project/GCRB/shared/Star_Indexes_2.7.2b/GRCm38_refseq/gencode.vM25.annotation.gtf'
* Map reads...
Apr 11 15:22:58 ..... started STAR run
Apr 11 15:22:58 ..... loading genome
Apr 11 15:23:05 ..... processing annotations GTF
Apr 11 15:23:12 ..... inserting junctions into the genome indices
Apr 11 15:24:10 ..... started mapping
Apr 11 15:25:28 ..... finished mapping
Apr 11 15:25:28 ..... started sorting BAM
Apr 11 15:25:42 ..... finished successfully
* Finished.
1970_S28_R1_001
1970_S28_R1_001.fastq.gz
/project/GCRB/Lee_Lab/shared/Dan/RNAseq_April2025
* Value of reads: '1970_S28_R1_001.fastq.gz'
* Value of star index : '/project/GCRB/shared/Star_Indexes_2.7.2b/GRCm38_refseq/gencode.vM25.annotation.gtf'
* Map reads...
Apr 11 15:25:59 ..... started STAR run
Apr 11 15:25:59 ..... loading genome
Apr 11 15:26:05 ..... processing annotations GTF
Apr 11 15:26:12 ..... inserting junctions into the genome indices
Apr 11 15:27:10 ..... started mapping
Apr 11 15:28:21 ..... finished mapping
Apr 11 15:28:21 ..... started sorting BAM
Apr 11 15:28:34 ..... finished successfully
* Finished.
