Calcualte wigsum ... 
Processing chrUn_GL456382 ...
Processing chrUn_GL456370 ...
Processing chrUn_GL456390 ...
Processing chr5_JH584299_random ...
Processing chrUn_GL456383 ...
Processing chr4_JH584293_random ...
Processing chrY ...
Processing chrX ...
Processing chr13 ...
Processing chr12 ...
Processing chr11 ...
Processing chr10 ...
Processing chr17 ...
Processing chr16 ...
Processing chr15 ...
Processing chr14 ...
Processing chr19 ...
Processing chr18 ...
Processing chr4_JH584294_random ...
Processing chr1_GL456212_random ...
Processing chr4_GL456350_random ...
Processing chrY_JH584302_random ...
Processing chrUn_GL456389 ...
Processing chrX_GL456233_random ...
Processing chrUn_JH584304 ...
Processing chrUn_GL456366 ...
Processing chrUn_GL456379 ...
Processing chr4_JH584292_random ...
Processing chrUn_GL456360 ...
Processing chr5_JH584296_random ...
Processing chrUn_GL456381 ...
Processing chr1_GL456210_random ...
Processing chrUn_GL456368 ...
Processing chrUn_GL456385 ...
Processing chr5_JH584298_random ...
Processing chrUn_GL456393 ...
Processing chrUn_GL456392 ...
Processing chrY_JH584300_random ...
Processing chrUn_GL456396 ...
Processing chrUn_GL456378 ...
Processing chr4_GL456216_random ...
Processing chr1_GL456213_random ...
Processing chrM ...
Processing chr7 ...
Processing chr6 ...
Processing chr5 ...
Processing chr4 ...
Processing chr3 ...
Processing chr2 ...
Processing chr1 ...
Processing chr5_GL456354_random ...
Processing chrUn_GL456239 ...
Processing chr4_JH584295_random ...
Processing chrY_JH584303_random ...
Processing chr9 ...
Processing chr8 ...
Processing chrUn_GL456394 ...
Processing chrUn_GL456387 ...
Processing chr5_JH584297_random ...
Processing chr7_GL456219_random ...
Processing chrY_JH584301_random ...
Processing chr1_GL456221_random ...
Processing chr1_GL456211_random ...
Processing chrUn_GL456367 ...
Processing chrUn_GL456359 ...
Processing chrUn_GL456372 ...


total wigsum is:6702739558.0

Processing chrUn_GL456382 ...
Processing chrUn_GL456370 ...
Processing chrUn_GL456390 ...
Processing chr5_JH584299_random ...
Processing chrUn_GL456383 ...
Processing chr4_JH584293_random ...
Processing chrY ...
Processing chrX ...
Processing chr13 ...
Processing chr12 ...
Processing chr11 ...
Processing chr10 ...
Processing chr17 ...
Processing chr16 ...
Processing chr15 ...
Processing chr14 ...
Processing chr19 ...
Processing chr18 ...
Processing chr4_JH584294_random ...
Processing chr1_GL456212_random ...
Processing chr4_GL456350_random ...
Processing chrY_JH584302_random ...
Processing chrUn_GL456389 ...
Processing chrX_GL456233_random ...
Processing chrUn_JH584304 ...
Processing chrUn_GL456366 ...
Processing chrUn_GL456379 ...
Processing chr4_JH584292_random ...
Processing chrUn_GL456360 ...
Processing chr5_JH584296_random ...
Processing chrUn_GL456381 ...
Processing chr1_GL456210_random ...
Processing chrUn_GL456368 ...
Processing chrUn_GL456385 ...
Processing chr5_JH584298_random ...
Processing chrUn_GL456393 ...
Processing chrUn_GL456392 ...
Processing chrY_JH584300_random ...
Processing chrUn_GL456396 ...
Processing chrUn_GL456378 ...
Processing chr4_GL456216_random ...
Processing chr1_GL456213_random ...
Processing chrM ...
Processing chr7 ...
Processing chr6 ...
Processing chr5 ...
Processing chr4 ...
Processing chr3 ...
Processing chr2 ...
Processing chr1 ...
Processing chr5_GL456354_random ...
Processing chrUn_GL456239 ...
Processing chr4_JH584295_random ...
Processing chrY_JH584303_random ...
Processing chr9 ...
Processing chr8 ...
Processing chrUn_GL456394 ...
Processing chrUn_GL456387 ...
Processing chr5_JH584297_random ...
Processing chr7_GL456219_random ...
Processing chrY_JH584301_random ...
Processing chr1_GL456221_random ...
Processing chr1_GL456211_random ...
Processing chrUn_GL456367 ...
Processing chrUn_GL456359 ...
Processing chrUn_GL456372 ...
/bin/sh: wigToBigWig: command not found
/bin/sh: wigToBigWig: command not found
Calcualte wigsum ... 
Processing chrUn_GL456382 ...
Processing chrUn_GL456370 ...
Processing chrUn_GL456390 ...
Processing chr5_JH584299_random ...
Processing chrUn_GL456383 ...
Processing chr4_JH584293_random ...
Processing chrY ...
Processing chrX ...
Processing chr13 ...
Processing chr12 ...
Processing chr11 ...
Processing chr10 ...
Processing chr17 ...
Processing chr16 ...
Processing chr15 ...
Processing chr14 ...
Processing chr19 ...
Processing chr18 ...
Processing chr4_JH584294_random ...
Processing chr1_GL456212_random ...
Processing chr4_GL456350_random ...
Processing chrY_JH584302_random ...
Processing chrUn_GL456389 ...
Processing chrX_GL456233_random ...
Processing chrUn_JH584304 ...
Processing chrUn_GL456366 ...
Processing chrUn_GL456379 ...
Processing chr4_JH584292_random ...
Processing chrUn_GL456360 ...
Processing chr5_JH584296_random ...
Processing chrUn_GL456381 ...
Processing chr1_GL456210_random ...
Processing chrUn_GL456368 ...
Processing chrUn_GL456385 ...
Processing chr5_JH584298_random ...
Processing chrUn_GL456393 ...
Processing chrUn_GL456392 ...
Processing chrY_JH584300_random ...
Processing chrUn_GL456396 ...
Processing chrUn_GL456378 ...
Processing chr4_GL456216_random ...
Processing chr1_GL456213_random ...
Processing chrM ...
Processing chr7 ...
Processing chr6 ...
Processing chr5 ...
Processing chr4 ...
Processing chr3 ...
Processing chr2 ...
Processing chr1 ...
Processing chr5_GL456354_random ...
Processing chrUn_GL456239 ...
Processing chr4_JH584295_random ...
Processing chrY_JH584303_random ...
Processing chr9 ...
Processing chr8 ...
Processing chrUn_GL456394 ...
Processing chrUn_GL456387 ...
Processing chr5_JH584297_random ...
Processing chr7_GL456219_random ...
Processing chrY_JH584301_random ...
Processing chr1_GL456221_random ...
Processing chr1_GL456211_random ...
Processing chrUn_GL456367 ...
Processing chrUn_GL456359 ...
Processing chrUn_GL456372 ...


total wigsum is:5690378231.0

Processing chrUn_GL456382 ...
Processing chrUn_GL456370 ...
Processing chrUn_GL456390 ...
Processing chr5_JH584299_random ...
Processing chrUn_GL456383 ...
Processing chr4_JH584293_random ...
Processing chrY ...
Processing chrX ...
Processing chr13 ...
Processing chr12 ...
Processing chr11 ...
Processing chr10 ...
Processing chr17 ...
Processing chr16 ...
Processing chr15 ...
Processing chr14 ...
Processing chr19 ...
Processing chr18 ...
Processing chr4_JH584294_random ...
Processing chr1_GL456212_random ...
Processing chr4_GL456350_random ...
Processing chrY_JH584302_random ...
Processing chrUn_GL456389 ...
Processing chrX_GL456233_random ...
Processing chrUn_JH584304 ...
Processing chrUn_GL456366 ...
Processing chrUn_GL456379 ...
Processing chr4_JH584292_random ...
Processing chrUn_GL456360 ...
Processing chr5_JH584296_random ...
Processing chrUn_GL456381 ...
Processing chr1_GL456210_random ...
Processing chrUn_GL456368 ...
Processing chrUn_GL456385 ...
Processing chr5_JH584298_random ...
Processing chrUn_GL456393 ...
Processing chrUn_GL456392 ...
Processing chrY_JH584300_random ...
Processing chrUn_GL456396 ...
Processing chrUn_GL456378 ...
Processing chr4_GL456216_random ...
Processing chr1_GL456213_random ...
Processing chrM ...
Processing chr7 ...
Processing chr6 ...
Processing chr5 ...
Processing chr4 ...
Processing chr3 ...
Processing chr2 ...
Processing chr1 ...
Processing chr5_GL456354_random ...
Processing chrUn_GL456239 ...
Processing chr4_JH584295_random ...
Processing chrY_JH584303_random ...
Processing chr9 ...
Processing chr8 ...
Processing chrUn_GL456394 ...
Processing chrUn_GL456387 ...
Processing chr5_JH584297_random ...
Processing chr7_GL456219_random ...
Processing chrY_JH584301_random ...
Processing chr1_GL456221_random ...
Processing chr1_GL456211_random ...
Processing chrUn_GL456367 ...
Processing chrUn_GL456359 ...
Processing chrUn_GL456372 ...
/bin/sh: wigToBigWig: command not found
/bin/sh: wigToBigWig: command not found
